<?xml version="1.0" encoding="UTF-8"?>
<testng-results skipped="0" failed="0" total="1" passed="1">
  <reporter-output>
  </reporter-output>
  <suite name="Default suite" duration-ms="110866" started-at="2019-01-03T16:17:25Z" finished-at="2019-01-03T16:19:16Z">
    <groups>
    </groups>
    <test name="Default test" duration-ms="110866" started-at="2019-01-03T16:17:25Z" finished-at="2019-01-03T16:19:16Z">
      <class name="Practice.Day3.BrokenLinks">
        <test-method status="PASS" signature="setup()[pri:0, instance:Practice.Day3.BrokenLinks@4b9e13df]" name="setup" is-config="true" duration-ms="30886" started-at="2019-01-03T21:47:26Z" finished-at="2019-01-03T21:47:57Z">
          <reporter-output>
          </reporter-output>
        </test-method> <!-- setup -->
        <test-method status="PASS" signature="Broken_links()[pri:0, instance:Practice.Day3.BrokenLinks@4b9e13df]" name="Broken_links" duration-ms="78613" started-at="2019-01-03T21:47:57Z" finished-at="2019-01-03T21:49:15Z">
          <reporter-output>
          </reporter-output>
        </test-method> <!-- Broken_links -->
        <test-method status="PASS" signature="tearDown()[pri:0, instance:Practice.Day3.BrokenLinks@4b9e13df]" name="tearDown" is-config="true" duration-ms="1194" started-at="2019-01-03T21:49:15Z" finished-at="2019-01-03T21:49:16Z">
          <reporter-output>
          </reporter-output>
        </test-method> <!-- tearDown -->
      </class> <!-- Practice.Day3.BrokenLinks -->
    </test> <!-- Default test -->
  </suite> <!-- Default suite -->
</testng-results>
